Determining if the pthread_create exist failed with the following output:
Change Dir: /home/developer/agriculture_sim/build/husky_viz/CMakeFiles/CMakeTmp

Run Build Command:"/usr/bin/make" "cmTC_32f95/fast"
/usr/bin/make -f CMakeFiles/cmTC_32f95.dir/build.make CMakeFiles/cmTC_32f95.dir/build
make[1]: Entering directory '/home/developer/agriculture_sim/build/husky_viz/CMakeFiles/CMakeTmp'
Building C object CMakeFiles/cmTC_32f95.dir/CheckSymbolExists.c.o
/usr/bin/cc    -o CMakeFiles/cmTC_32f95.dir/CheckSymbolExists.c.o   -c /home/developer/agriculture_sim/build/husky_viz/CMakeFiles/CMakeTmp/CheckSymbolExists.c
Linking C executable cmTC_32f95
/usr/bin/cmake -E cmake_link_script CMakeFiles/cmTC_32f95.dir/link.txt --verbose=1
/usr/bin/cc      -rdynamic CMakeFiles/cmTC_32f95.dir/CheckSymbolExists.c.o  -o cmTC_32f95 
CMakeFiles/cmTC_32f95.dir/CheckSymbolExists.c.o: In function `main':
CheckSymbolExists.c:(.text+0x1b): undefined reference to `pthread_create'
collect2: error: ld returned 1 exit status
CMakeFiles/cmTC_32f95.dir/build.make:97: recipe for target 'cmTC_32f95' failed
make[1]: *** [cmTC_32f95] Error 1
make[1]: Leaving directory '/home/developer/agriculture_sim/build/husky_viz/CMakeFiles/CMakeTmp'
Makefile:126: recipe for target 'cmTC_32f95/fast' failed
make: *** [cmTC_32f95/fast] Error 2

File /home/developer/agriculture_sim/build/husky_viz/CMakeFiles/CMakeTmp/CheckSymbolExists.c:
/* */
#include <pthread.h>

int main(int argc, char** argv)
{
  (void)argv;
#ifndef pthread_create
  return ((int*)(&pthread_create))[argc];
#else
  (void)argc;
  return 0;
#endif
}

Determining if the function pthread_create exists in the pthreads failed with the following output:
Change Dir: /home/developer/agriculture_sim/build/husky_viz/CMakeFiles/CMakeTmp

Run Build Command:"/usr/bin/make" "cmTC_ffb3e/fast"
/usr/bin/make -f CMakeFiles/cmTC_ffb3e.dir/build.make CMakeFiles/cmTC_ffb3e.dir/build
make[1]: Entering directory '/home/developer/agriculture_sim/build/husky_viz/CMakeFiles/CMakeTmp'
Building C object CMakeFiles/cmTC_ffb3e.dir/CheckFunctionExists.c.o
/usr/bin/cc   -DCHECK_FUNCTION_EXISTS=pthread_create   -o CMakeFiles/cmTC_ffb3e.dir/CheckFunctionExists.c.o   -c /usr/share/cmake-3.10/Modules/CheckFunctionExists.c
Linking C executable cmTC_ffb3e
/usr/bin/cmake -E cmake_link_script CMakeFiles/cmTC_ffb3e.dir/link.txt --verbose=1
/usr/bin/cc  -DCHECK_FUNCTION_EXISTS=pthread_create    -rdynamic CMakeFiles/cmTC_ffb3e.dir/CheckFunctionExists.c.o  -o cmTC_ffb3e -lpthreads 
/usr/bin/ld: cannot find -lpthreads
collect2: error: ld returned 1 exit status
CMakeFiles/cmTC_ffb3e.dir/build.make:97: recipe for target 'cmTC_ffb3e' failed
make[1]: *** [cmTC_ffb3e] Error 1
make[1]: Leaving directory '/home/developer/agriculture_sim/build/husky_viz/CMakeFiles/CMakeTmp'
Makefile:126: recipe for target 'cmTC_ffb3e/fast' failed
make: *** [cmTC_ffb3e/fast] Error 2


