Symlinking /home/developer/agriculture_sim/devel/share/velodyne_msgs/cmake/velodyne_msgs-msg-paths.cmake
Symlinking /home/developer/agriculture_sim/devel/share/velodyne_msgs/cmake/velodyne_msgsConfig.cmake
Symlinking /home/developer/agriculture_sim/devel/share/velodyne_msgs/cmake/velodyne_msgsConfig-version.cmake
Symlinking /home/developer/agriculture_sim/devel/share/velodyne_msgs/cmake/velodyne_msgs-msg-extras.cmake
Symlinking /home/developer/agriculture_sim/devel/share/gennodejs/ros/velodyne_msgs/_index.js
Symlinking /home/developer/agriculture_sim/devel/share/gennodejs/ros/velodyne_msgs/msg/VelodyneScan.js
Symlinking /home/developer/agriculture_sim/devel/share/gennodejs/ros/velodyne_msgs/msg/_index.js
Symlinking /home/developer/agriculture_sim/devel/share/gennodejs/ros/velodyne_msgs/msg/VelodynePacket.js
Symlinking /home/developer/agriculture_sim/devel/share/common-lisp/ros/velodyne_msgs/msg/_package_VelodyneScan.lisp
Symlinking /home/developer/agriculture_sim/devel/share/common-lisp/ros/velodyne_msgs/msg/_package.lisp
Symlinking /home/developer/agriculture_sim/devel/share/common-lisp/ros/velodyne_msgs/msg/_package_VelodynePacket.lisp
Symlinking /home/developer/agriculture_sim/devel/share/common-lisp/ros/velodyne_msgs/msg/VelodyneScan.lisp
Symlinking /home/developer/agriculture_sim/devel/share/common-lisp/ros/velodyne_msgs/msg/velodyne_msgs-msg.asd
Symlinking /home/developer/agriculture_sim/devel/share/common-lisp/ros/velodyne_msgs/msg/VelodynePacket.lisp
Symlinking /home/developer/agriculture_sim/devel/share/roseus/ros/velodyne_msgs/manifest.l
Symlinking /home/developer/agriculture_sim/devel/share/roseus/ros/velodyne_msgs/msg/VelodynePacket.l
Symlinking /home/developer/agriculture_sim/devel/share/roseus/ros/velodyne_msgs/msg/VelodyneScan.l
Symlinking /home/developer/agriculture_sim/devel/include/velodyne_msgs/VelodyneScan.h
Symlinking /home/developer/agriculture_sim/devel/include/velodyne_msgs/VelodynePacket.h
Symlinking /home/developer/agriculture_sim/devel/lib/pkgconfig/velodyne_msgs.pc
Symlinking /home/developer/agriculture_sim/devel/lib/python2.7/dist-packages/velodyne_msgs/__init__.py
Symlinking /home/developer/agriculture_sim/devel/lib/python2.7/dist-packages/velodyne_msgs/msg/__init__.py
Symlinking /home/developer/agriculture_sim/devel/lib/python2.7/dist-packages/velodyne_msgs/msg/_VelodyneScan.py
Symlinking /home/developer/agriculture_sim/devel/lib/python2.7/dist-packages/velodyne_msgs/msg/_VelodynePacket.py
