Determining if the pthread_create exist failed with the following output:
Change Dir: /home/developer/agriculture_sim/build/velodyne_pcl/CMakeFiles/CMakeTmp

Run Build Command:"/usr/bin/make" "cmTC_37056/fast"
/usr/bin/make -f CMakeFiles/cmTC_37056.dir/build.make CMakeFiles/cmTC_37056.dir/build
make[1]: Entering directory '/home/developer/agriculture_sim/build/velodyne_pcl/CMakeFiles/CMakeTmp'
Building C object CMakeFiles/cmTC_37056.dir/CheckSymbolExists.c.o
/usr/bin/cc    -o CMakeFiles/cmTC_37056.dir/CheckSymbolExists.c.o   -c /home/developer/agriculture_sim/build/velodyne_pcl/CMakeFiles/CMakeTmp/CheckSymbolExists.c
Linking C executable cmTC_37056
/usr/bin/cmake -E cmake_link_script CMakeFiles/cmTC_37056.dir/link.txt --verbose=1
/usr/bin/cc      -rdynamic CMakeFiles/cmTC_37056.dir/CheckSymbolExists.c.o  -o cmTC_37056 
CMakeFiles/cmTC_37056.dir/CheckSymbolExists.c.o: In function `main':
CheckSymbolExists.c:(.text+0x1b): undefined reference to `pthread_create'
collect2: error: ld returned 1 exit status
CMakeFiles/cmTC_37056.dir/build.make:97: recipe for target 'cmTC_37056' failed
make[1]: *** [cmTC_37056] Error 1
make[1]: Leaving directory '/home/developer/agriculture_sim/build/velodyne_pcl/CMakeFiles/CMakeTmp'
Makefile:126: recipe for target 'cmTC_37056/fast' failed
make: *** [cmTC_37056/fast] Error 2

File /home/developer/agriculture_sim/build/velodyne_pcl/CMakeFiles/CMakeTmp/CheckSymbolExists.c:
/* */
#include <pthread.h>

int main(int argc, char** argv)
{
  (void)argv;
#ifndef pthread_create
  return ((int*)(&pthread_create))[argc];
#else
  (void)argc;
  return 0;
#endif
}

Determining if the function pthread_create exists in the pthreads failed with the following output:
Change Dir: /home/developer/agriculture_sim/build/velodyne_pcl/CMakeFiles/CMakeTmp

Run Build Command:"/usr/bin/make" "cmTC_fdaab/fast"
/usr/bin/make -f CMakeFiles/cmTC_fdaab.dir/build.make CMakeFiles/cmTC_fdaab.dir/build
make[1]: Entering directory '/home/developer/agriculture_sim/build/velodyne_pcl/CMakeFiles/CMakeTmp'
Building C object CMakeFiles/cmTC_fdaab.dir/CheckFunctionExists.c.o
/usr/bin/cc   -DCHECK_FUNCTION_EXISTS=pthread_create   -o CMakeFiles/cmTC_fdaab.dir/CheckFunctionExists.c.o   -c /usr/share/cmake-3.10/Modules/CheckFunctionExists.c
Linking C executable cmTC_fdaab
/usr/bin/cmake -E cmake_link_script CMakeFiles/cmTC_fdaab.dir/link.txt --verbose=1
/usr/bin/cc  -DCHECK_FUNCTION_EXISTS=pthread_create    -rdynamic CMakeFiles/cmTC_fdaab.dir/CheckFunctionExists.c.o  -o cmTC_fdaab -lpthreads 
/usr/bin/ld: cannot find -lpthreads
collect2: error: ld returned 1 exit status
CMakeFiles/cmTC_fdaab.dir/build.make:97: recipe for target 'cmTC_fdaab' failed
make[1]: *** [cmTC_fdaab] Error 1
make[1]: Leaving directory '/home/developer/agriculture_sim/build/velodyne_pcl/CMakeFiles/CMakeTmp'
Makefile:126: recipe for target 'cmTC_fdaab/fast' failed
make: *** [cmTC_fdaab/fast] Error 2


