Determining if the pthread_create exist failed with the following output:
Change Dir: /home/developer/agriculture_sim/build/husky_base/CMakeFiles/CMakeTmp

Run Build Command:"/usr/bin/make" "cmTC_bc6ce/fast"
/usr/bin/make -f CMakeFiles/cmTC_bc6ce.dir/build.make CMakeFiles/cmTC_bc6ce.dir/build
make[1]: Entering directory '/home/developer/agriculture_sim/build/husky_base/CMakeFiles/CMakeTmp'
Building C object CMakeFiles/cmTC_bc6ce.dir/CheckSymbolExists.c.o
/usr/bin/cc    -o CMakeFiles/cmTC_bc6ce.dir/CheckSymbolExists.c.o   -c /home/developer/agriculture_sim/build/husky_base/CMakeFiles/CMakeTmp/CheckSymbolExists.c
Linking C executable cmTC_bc6ce
/usr/bin/cmake -E cmake_link_script CMakeFiles/cmTC_bc6ce.dir/link.txt --verbose=1
/usr/bin/cc      -rdynamic CMakeFiles/cmTC_bc6ce.dir/CheckSymbolExists.c.o  -o cmTC_bc6ce 
CMakeFiles/cmTC_bc6ce.dir/CheckSymbolExists.c.o: In function `main':
CheckSymbolExists.c:(.text+0x1b): undefined reference to `pthread_create'
collect2: error: ld returned 1 exit status
CMakeFiles/cmTC_bc6ce.dir/build.make:97: recipe for target 'cmTC_bc6ce' failed
make[1]: *** [cmTC_bc6ce] Error 1
make[1]: Leaving directory '/home/developer/agriculture_sim/build/husky_base/CMakeFiles/CMakeTmp'
Makefile:126: recipe for target 'cmTC_bc6ce/fast' failed
make: *** [cmTC_bc6ce/fast] Error 2

File /home/developer/agriculture_sim/build/husky_base/CMakeFiles/CMakeTmp/CheckSymbolExists.c:
/* */
#include <pthread.h>

int main(int argc, char** argv)
{
  (void)argv;
#ifndef pthread_create
  return ((int*)(&pthread_create))[argc];
#else
  (void)argc;
  return 0;
#endif
}

Determining if the function pthread_create exists in the pthreads failed with the following output:
Change Dir: /home/developer/agriculture_sim/build/husky_base/CMakeFiles/CMakeTmp

Run Build Command:"/usr/bin/make" "cmTC_edba9/fast"
/usr/bin/make -f CMakeFiles/cmTC_edba9.dir/build.make CMakeFiles/cmTC_edba9.dir/build
make[1]: Entering directory '/home/developer/agriculture_sim/build/husky_base/CMakeFiles/CMakeTmp'
Building C object CMakeFiles/cmTC_edba9.dir/CheckFunctionExists.c.o
/usr/bin/cc   -DCHECK_FUNCTION_EXISTS=pthread_create   -o CMakeFiles/cmTC_edba9.dir/CheckFunctionExists.c.o   -c /usr/share/cmake-3.10/Modules/CheckFunctionExists.c
Linking C executable cmTC_edba9
/usr/bin/cmake -E cmake_link_script CMakeFiles/cmTC_edba9.dir/link.txt --verbose=1
/usr/bin/cc  -DCHECK_FUNCTION_EXISTS=pthread_create    -rdynamic CMakeFiles/cmTC_edba9.dir/CheckFunctionExists.c.o  -o cmTC_edba9 -lpthreads 
/usr/bin/ld: cannot find -lpthreads
collect2: error: ld returned 1 exit status
CMakeFiles/cmTC_edba9.dir/build.make:97: recipe for target 'cmTC_edba9' failed
make[1]: *** [cmTC_edba9] Error 1
make[1]: Leaving directory '/home/developer/agriculture_sim/build/husky_base/CMakeFiles/CMakeTmp'
Makefile:126: recipe for target 'cmTC_edba9/fast' failed
make: *** [cmTC_edba9/fast] Error 2


